#
# There is insufficient memory for the Java Runtime Environment to continue.
# Native memory allocation (mmap) failed to map 51380224 bytes for G1 virtual space
# Possible reasons:
#   The system is out of physical RAM or swap space
#   The process is running with CompressedOops enabled, and the Java Heap may be blocking the growth of the native heap
# Possible solutions:
#   Reduce memory load on the system
#   Increase physical memory or swap space
#   Check if swap backing store is full
#   Decrease Java heap size (-Xmx/-Xms)
#   Decrease number of Java threads
#   Decrease Java thread stack sizes (-Xss)
#   Set larger code cache with -XX:ReservedCodeCacheSize=
#   JVM is running with Unscaled Compressed Oops mode in which the Java heap is
#     placed in the first 4GB address space. The Java Heap base address is the
#     maximum limit for the native heap growth. Please use -XX:HeapBaseMinAddress
#     to set the Java Heap base and to place the Java Heap above 4GB virtual address.
# This output file may be truncated or incomplete.
#
#  Out of Memory Error (os_windows.cpp:3469), pid=6928, tid=9528
#
# JRE version: Java(TM) SE Runtime Environment (17.0.1+12) (build 17.0.1+12-LTS-39)
# Java VM: Java HotSpot(TM) 64-Bit Server VM (17.0.1+12-LTS-39, mixed mode, tiered, compressed oops, compressed class ptrs, g1 gc, windows-amd64)
# No core dump will be written. Minidumps are not enabled by default on client versions of Windows
#

---------------  S U M M A R Y ------------

Command Line: -javaagent:C:\Program Files\JetBrains\IntelliJ IDEA Community Edition 2021.3\lib\idea_rt.jar=60831:C:\Program Files\JetBrains\IntelliJ IDEA Community Edition 2021.3\bin -Dfile.encoding=UTF-8 com.careerdevs.stocksapiv1.Stocksapiv1Application

Host: Intel(R) Celeron(R) N4020 CPU @ 1.10GHz, 2 cores, 3G,  Windows 10 , 64 bit Build 19041 (10.0.19041.1645)
Time: Thu May 12 20:21:18 2022 Eastern Daylight Time elapsed time: 37.073082 seconds (0d 0h 0m 37s)

---------------  T H R E A D  ---------------

Current thread (0x0000025da31f37b0):  VMThread "VM Thread" [stack: 0x000000d8e1c00000,0x000000d8e1d00000] [id=9528]

Stack: [0x000000d8e1c00000,0x000000d8e1d00000]
Native frames: (J=compiled Java code, j=interpreted, Vv=VM code, C=native code)
V  [jvm.dll+0x66fa1a]
V  [jvm.dll+0x7ce5a4]
V  [jvm.dll+0x7cfd4e]
V  [jvm.dll+0x7d03b3]
V  [jvm.dll+0x242b05]
V  [jvm.dll+0x66ca39]
V  [jvm.dll+0x661502]
V  [jvm.dll+0x30081b]
V  [jvm.dll+0x307da6]
V  [jvm.dll+0x357a1e]
V  [jvm.dll+0x357c4f]
V  [jvm.dll+0x2d7ad8]
V  [jvm.dll+0x2d5da4]
V  [jvm.dll+0x2d53ac]
V  [jvm.dll+0x318d0b]
V  [jvm.dll+0x7d484b]
V  [jvm.dll+0x7d5584]
V  [jvm.dll+0x7d5a9c]
V  [jvm.dll+0x7d5e74]
V  [jvm.dll+0x7d5f40]
V  [jvm.dll+0x77e91a]
V  [jvm.dll+0x66e845]
C  [ucrtbase.dll+0x21bb2]
C  [KERNEL32.DLL+0x17034]
C  [ntdll.dll+0x52651]

VM_Operation (0x000000d8e16fd0b0): G1CollectForAllocation, mode: safepoint, requested by thread 0x0000025d88635e00


---------------  P R O C E S S  ---------------

Threads class SMR info:
_java_thread_list=0x0000025da5b063f0, length=13, elements={
0x0000025d88635e00, 0x0000025da325c620, 0x0000025da325d3a0, 0x0000025da322c990,
0x0000025da3230270, 0x0000025da3268f60, 0x0000025da3269820, 0x0000025da326b4d0,
0x0000025da3c08810, 0x0000025da32ec7b0, 0x0000025da3d21020, 0x0000025da3f5b870,
0x0000025da4076510
}

Java Threads: ( => current thread )
  0x0000025d88635e00 JavaThread "main" [_thread_blocked, id=9028, stack(0x000000d8e1600000,0x000000d8e1700000)]
  0x0000025da325c620 JavaThread "Reference Handler" daemon [_thread_blocked, id=16312, stack(0x000000d8e1d00000,0x000000d8e1e00000)]
  0x0000025da325d3a0 JavaThread "Finalizer" daemon [_thread_blocked, id=11032, stack(0x000000d8e1e00000,0x000000d8e1f00000)]
  0x0000025da322c990 JavaThread "Signal Dispatcher" daemon [_thread_blocked, id=3600, stack(0x000000d8e1f00000,0x000000d8e2000000)]
  0x0000025da3230270 JavaThread "Attach Listener" daemon [_thread_blocked, id=16348, stack(0x000000d8e2000000,0x000000d8e2100000)]
  0x0000025da3268f60 JavaThread "Service Thread" daemon [_thread_blocked, id=9876, stack(0x000000d8e2100000,0x000000d8e2200000)]
  0x0000025da3269820 JavaThread "Monitor Deflation Thread" daemon [_thread_blocked, id=10276, stack(0x000000d8e2200000,0x000000d8e2300000)]
  0x0000025da326b4d0 JavaThread "C2 CompilerThread0" daemon [_thread_blocked, id=4436, stack(0x000000d8e2300000,0x000000d8e2400000)]
  0x0000025da3c08810 JavaThread "C1 CompilerThread0" daemon [_thread_blocked, id=3980, stack(0x000000d8e2400000,0x000000d8e2500000)]
  0x0000025da32ec7b0 JavaThread "Sweeper thread" daemon [_thread_blocked, id=2464, stack(0x000000d8e2500000,0x000000d8e2600000)]
  0x0000025da3d21020 JavaThread "Common-Cleaner" daemon [_thread_blocked, id=6352, stack(0x000000d8e2600000,0x000000d8e2700000)]
  0x0000025da3f5b870 JavaThread "Monitor Ctrl-Break" daemon [_thread_in_native, id=9168, stack(0x000000d8e2800000,0x000000d8e2900000)]
  0x0000025da4076510 JavaThread "Notification Thread" daemon [_thread_blocked, id=13344, stack(0x000000d8e2900000,0x000000d8e2a00000)]

Other Threads:
=>0x0000025da31f37b0 VMThread "VM Thread" [stack: 0x000000d8e1c00000,0x000000d8e1d00000] [id=9528]
  0x0000025da4069ef0 WatcherThread [stack: 0x000000d8e2a00000,0x000000d8e2b00000] [id=1648]
  0x0000025d88664bb0 GCTaskThread "GC Thread#0" [stack: 0x000000d8e1700000,0x000000d8e1800000] [id=12856]
  0x0000025da4069940 GCTaskThread "GC Thread#1" [stack: 0x000000d8e2700000,0x000000d8e2800000] [id=9128]
  0x0000025d8866d480 ConcurrentGCThread "G1 Main Marker" [stack: 0x000000d8e1800000,0x000000d8e1900000] [id=8436]
  0x0000025d8866dda0 ConcurrentGCThread "G1 Conc#0" [stack: 0x000000d8e1900000,0x000000d8e1a00000] [id=9268]
  0x0000025d886a2330 ConcurrentGCThread "G1 Refine#0" [stack: 0x000000d8e1a00000,0x000000d8e1b00000] [id=6596]
  0x0000025d886a3c70 ConcurrentGCThread "G1 Service" [stack: 0x000000d8e1b00000,0x000000d8e1c00000] [id=7300]

Threads with active compile tasks:

VM state: at safepoint (normal execution)

VM Mutex/Monitor currently owned by a thread:  ([mutex/lock_event])
[0x0000025d886328b0] Threads_lock - owner thread: 0x0000025da31f37b0
[0x0000025d886324c0] Heap_lock - owner thread: 0x0000025d88635e00

Heap address: 0x00000000c2c00000, size: 980 MB, Compressed Oops mode: 32-bit

CDS archive(s) not mapped
Compressed class space mapped at: 0x0000000100000000-0x0000000140000000, reserved size: 1073741824
Narrow klass base: 0x0000000000000000, Narrow klass shift: 3, Narrow klass range: 0x140000000

GC Precious Log:
 CPUs: 2 total, 2 available
 Memory: 3912M
 Large Page Support: Disabled
 NUMA Support: Disabled
 Compressed Oops: Enabled (32-bit)
 Heap Region Size: 1M
 Heap Min Capacity: 8M
 Heap Initial Capacity: 62M
 Heap Max Capacity: 980M
 Pre-touch: Disabled
 Parallel Workers: 2
 Concurrent Workers: 1
 Concurrent Refinement Workers: 2
 Periodic GC: Disabled

Heap:
 garbage-first heap   total 63488K, used 14400K [0x00000000c2c00000, 0x0000000100000000)
  region size 1024K, 1 young (1024K), 1 survivors (1024K)
 Metaspace       used 33696K, committed 33920K, reserved 1081344K
  class space    used 3866K, committed 3968K, reserved 1048576K

Heap Regions: E=young(eden), S=young(survivor), O=old, HS=humongous(starts), HC=humongous(continues), CS=collection set, F=free, OA=open archive, CA=closed archive, TAMS=top-at-mark-start (previous, next)
|   0|0x00000000c2c00000, 0x00000000c2d00000, 0x00000000c2d00000|100%|HS|  |TAMS 0x00000000c2d00000, 0x00000000c2c00000| Complete 
|   1|0x00000000c2d00000, 0x00000000c2e00000, 0x00000000c2e00000|100%| O|  |TAMS 0x00000000c2e00000, 0x00000000c2d00000| Untracked 
|   2|0x00000000c2e00000, 0x00000000c2f00000, 0x00000000c2f00000|100%| O|  |TAMS 0x00000000c2f00000, 0x00000000c2e00000| Untracked 
|   3|0x00000000c2f00000, 0x00000000c3000000, 0x00000000c3000000|100%| O|  |TAMS 0x00000000c3000000, 0x00000000c2f00000| Untracked 
|   4|0x00000000c3000000, 0x00000000c3100000, 0x00000000c3100000|100%| O|  |TAMS 0x00000000c3100000, 0x00000000c3000000| Untracked 
|   5|0x00000000c3100000, 0x00000000c3200000, 0x00000000c3200000|100%| O|  |TAMS 0x00000000c3100000, 0x00000000c3100000| Untracked 
|   6|0x00000000c3200000, 0x00000000c3300000, 0x00000000c3300000|100%| O|  |TAMS 0x00000000c3200000, 0x00000000c3200000| Untracked 
|   7|0x00000000c3300000, 0x00000000c3400000, 0x00000000c3400000|100%| O|  |TAMS 0x00000000c3300000, 0x00000000c3300000| Untracked 
|   8|0x00000000c3400000, 0x00000000c3500000, 0x00000000c3500000|100%| O|  |TAMS 0x00000000c3400000, 0x00000000c3400000| Untracked 
|   9|0x00000000c3500000, 0x00000000c3600000, 0x00000000c3600000|100%| O|  |TAMS 0x00000000c3500000, 0x00000000c3500000| Untracked 
|  10|0x00000000c3600000, 0x00000000c3700000, 0x00000000c3700000|100%| O|  |TAMS 0x00000000c3600000, 0x00000000c3600000| Untracked 
|  11|0x00000000c3700000, 0x00000000c3800000, 0x00000000c3800000|100%| O|  |TAMS 0x00000000c3700000, 0x00000000c3700000| Untracked 
|  12|0x00000000c3800000, 0x00000000c3900000, 0x00000000c3900000|100%| O|  |TAMS 0x00000000c3800000, 0x00000000c3800000| Untracked 
|  13|0x00000000c3900000, 0x00000000c3a00000, 0x00000000c3a00000|100%| O|  |TAMS 0x00000000c3900000, 0x00000000c3900000| Untracked 
|  14|0x00000000c3a00000, 0x00000000c3a00000, 0x00000000c3b00000|  0%| F|  |TAMS 0x00000000c3a00000, 0x00000000c3a00000| Untracked 
|  15|0x00000000c3b00000, 0x00000000c3b00000, 0x00000000c3c00000|  0%| F|  |TAMS 0x00000000c3b00000, 0x00000000c3b00000| Untracked 
|  16|0x00000000c3c00000, 0x00000000c3c00000, 0x00000000c3d00000|  0%| F|  |TAMS 0x00000000c3c00000, 0x00000000c3c00000| Untracked 
|  17|0x00000000c3d00000, 0x00000000c3d00000, 0x00000000c3e00000|  0%| F|  |TAMS 0x00000000c3d00000, 0x00000000c3d00000| Untracked 
|  18|0x00000000c3e00000, 0x00000000c3e00000, 0x00000000c3f00000|  0%| F|  |TAMS 0x00000000c3e00000, 0x00000000c3e00000| Untracked 
|  19|0x00000000c3f00000, 0x00000000c3f00000, 0x00000000c4000000|  0%| F|  |TAMS 0x00000000c3f00000, 0x00000000c3f00000| Untracked 
|  20|0x00000000c4000000, 0x00000000c4000000, 0x00000000c4100000|  0%| F|  |TAMS 0x00000000c4000000, 0x00000000c4000000| Untracked 
|  21|0x00000000c4100000, 0x00000000c4110308, 0x00000000c4200000|  6%| S|CS|TAMS 0x00000000c4100000, 0x00000000c4100000| Complete 
|  22|0x00000000c4200000, 0x00000000c4200000, 0x00000000c4300000|  0%| F|  |TAMS 0x00000000c4200000, 0x00000000c4200000| Untracked 
|  23|0x00000000c4300000, 0x00000000c4300000, 0x00000000c4400000|  0%| F|  |TAMS 0x00000000c4300000, 0x00000000c4300000| Untracked 
|  24|0x00000000c4400000, 0x00000000c4400000, 0x00000000c4500000|  0%| F|  |TAMS 0x00000000c4400000, 0x00000000c4400000| Untracked 
|  25|0x00000000c4500000, 0x00000000c4500000, 0x00000000c4600000|  0%| F|  |TAMS 0x00000000c4500000, 0x00000000c4500000| Untracked 
|  26|0x00000000c4600000, 0x00000000c4600000, 0x00000000c4700000|  0%| F|  |TAMS 0x00000000c4600000, 0x00000000c4600000| Untracked 
|  27|0x00000000c4700000, 0x00000000c4700000, 0x00000000c4800000|  0%| F|  |TAMS 0x00000000c4700000, 0x00000000c4700000| Untracked 
|  28|0x00000000c4800000, 0x00000000c4800000, 0x00000000c4900000|  0%| F|  |TAMS 0x00000000c4800000, 0x00000000c4800000| Untracked 
|  29|0x00000000c4900000, 0x00000000c4900000, 0x00000000c4a00000|  0%| F|  |TAMS 0x00000000c4900000, 0x00000000c4900000| Untracked 
|  30|0x00000000c4a00000, 0x00000000c4a00000, 0x00000000c4b00000|  0%| F|  |TAMS 0x00000000c4a00000, 0x00000000c4a00000| Untracked 
|  31|0x00000000c4b00000, 0x00000000c4b00000, 0x00000000c4c00000|  0%| F|  |TAMS 0x00000000c4b00000, 0x00000000c4b00000| Untracked 
|  32|0x00000000c4c00000, 0x00000000c4c00000, 0x00000000c4d00000|  0%| F|  |TAMS 0x00000000c4c00000, 0x00000000c4c00000| Untracked 
|  33|0x00000000c4d00000, 0x00000000c4d00000, 0x00000000c4e00000|  0%| F|  |TAMS 0x00000000c4d00000, 0x00000000c4d00000| Untracked 
|  34|0x00000000c4e00000, 0x00000000c4e00000, 0x00000000c4f00000|  0%| F|  |TAMS 0x00000000c4e00000, 0x00000000c4e00000| Untracked 
|  35|0x00000000c4f00000, 0x00000000c4f00000, 0x00000000c5000000|  0%| F|  |TAMS 0x00000000c4f00000, 0x00000000c4f00000| Untracked 
|  36|0x00000000c5000000, 0x00000000c5000000, 0x00000000c5100000|  0%| F|  |TAMS 0x00000000c5000000, 0x00000000c5000000| Untracked 
|  37|0x00000000c5100000, 0x00000000c5100000, 0x00000000c5200000|  0%| F|  |TAMS 0x00000000c5100000, 0x00000000c5100000| Untracked 
|  38|0x00000000c5200000, 0x00000000c5200000, 0x00000000c5300000|  0%| F|  |TAMS 0x00000000c5200000, 0x00000000c5200000| Untracked 
|  39|0x00000000c5300000, 0x00000000c5300000, 0x00000000c5400000|  0%| F|  |TAMS 0x00000000c5300000, 0x00000000c5300000| Untracked 
|  40|0x00000000c5400000, 0x00000000c5400000, 0x00000000c5500000|  0%| F|  |TAMS 0x00000000c5400000, 0x00000000c5400000| Untracked 
|  41|0x00000000c5500000, 0x00000000c5500000, 0x00000000c5600000|  0%| F|  |TAMS 0x00000000c5500000, 0x00000000c5500000| Untracked 
|  42|0x00000000c5600000, 0x00000000c5600000, 0x00000000c5700000|  0%| F|  |TAMS 0x00000000c5600000, 0x00000000c5600000| Untracked 
|  43|0x00000000c5700000, 0x00000000c5700000, 0x00000000c5800000|  0%| F|  |TAMS 0x00000000c5700000, 0x00000000c5700000| Untracked 
|  44|0x00000000c5800000, 0x00000000c5800000, 0x00000000c5900000|  0%| F|  |TAMS 0x00000000c5800000, 0x00000000c5800000| Untracked 
|  45|0x00000000c5900000, 0x00000000c5900000, 0x00000000c5a00000|  0%| F|  |TAMS 0x00000000c5900000, 0x00000000c5900000| Untracked 
|  46|0x00000000c5a00000, 0x00000000c5a00000, 0x00000000c5b00000|  0%| F|  |TAMS 0x00000000c5a00000, 0x00000000c5a00000| Untracked 
|  47|0x00000000c5b00000, 0x00000000c5b00000, 0x00000000c5c00000|  0%| F|  |TAMS 0x00000000c5b00000, 0x00000000c5b00000| Untracked 
|  48|0x00000000c5c00000, 0x00000000c5c00000, 0x00000000c5d00000|  0%| F|  |TAMS 0x00000000c5c00000, 0x00000000c5c00000| Untracked 
|  49|0x00000000c5d00000, 0x00000000c5d00000, 0x00000000c5e00000|  0%| F|  |TAMS 0x00000000c5d00000, 0x00000000c5d00000| Untracked 
|  50|0x00000000c5e00000, 0x00000000c5e00000, 0x00000000c5f00000|  0%| F|  |TAMS 0x00000000c5e00000, 0x00000000c5e00000| Untracked 
|  51|0x00000000c5f00000, 0x00000000c5f00000, 0x00000000c6000000|  0%| F|  |TAMS 0x00000000c5f00000, 0x00000000c5f00000| Untracked 
|  52|0x00000000c6000000, 0x00000000c6000000, 0x00000000c6100000|  0%| F|  |TAMS 0x00000000c6000000, 0x00000000c6000000| Untracked 
|  53|0x00000000c6100000, 0x00000000c6100000, 0x00000000c6200000|  0%| F|  |TAMS 0x00000000c6100000, 0x00000000c6100000| Untracked 
|  54|0x00000000c6200000, 0x00000000c6200000, 0x00000000c6300000|  0%| F|  |TAMS 0x00000000c6200000, 0x00000000c6200000| Untracked 
|  55|0x00000000c6300000, 0x00000000c6300000, 0x00000000c6400000|  0%| F|  |TAMS 0x00000000c6300000, 0x00000000c6300000| Untracked 
|  56|0x00000000c6400000, 0x00000000c6400000, 0x00000000c6500000|  0%| F|  |TAMS 0x00000000c6400000, 0x00000000c6400000| Untracked 
|  57|0x00000000c6500000, 0x00000000c6500000, 0x00000000c6600000|  0%| F|  |TAMS 0x00000000c6500000, 0x00000000c6500000| Untracked 
|  58|0x00000000c6600000, 0x00000000c6600000, 0x00000000c6700000|  0%| F|  |TAMS 0x00000000c6600000, 0x00000000c6600000| Untracked 
|  59|0x00000000c6700000, 0x00000000c6700000, 0x00000000c6800000|  0%| F|  |TAMS 0x00000000c6700000, 0x00000000c6700000| Untracked 
|  60|0x00000000c6800000, 0x00000000c6800000, 0x00000000c6900000|  0%| F|  |TAMS 0x00000000c6800000, 0x00000000c6800000| Untracked 
|  61|0x00000000c6900000, 0x00000000c6900000, 0x00000000c6a00000|  0%| F|  |TAMS 0x00000000c6900000, 0x00000000c6900000| Untracked 

Card table byte_map: [0x0000025d88400000,0x0000025d885f0000] _byte_map_base: 0x0000025d87dea000

Marking Bits (Prev, Next): (CMBitMap*) 0x0000025d88665110, (CMBitMap*) 0x0000025d886650d0
 Prev Bits: [0x0000025d9ff80000, 0x0000025da0ed0000)
 Next Bits: [0x0000025d9f030000, 0x0000025d9ff80000)

Polling page: 0x0000025d86500000

Metaspace:

Usage:
  Non-class:     29.13 MB used.
      Class:      3.78 MB used.
       Both:     32.91 MB used.

Virtual space:
  Non-class space:       32.00 MB reserved,      29.25 MB ( 91%) committed,  4 nodes.
      Class space:        1.00 GB reserved,       3.88 MB ( <1%) committed,  1 nodes.
             Both:        1.03 GB reserved,      33.12 MB (  3%) committed. 

Chunk freelists:
   Non-Class:  2.33 MB
       Class:  144.00 KB
        Both:  2.47 MB

MaxMetaspaceSize: unlimited
CompressedClassSpaceSize: 1.00 GB
Initial GC threshold: 21.00 MB
Current GC threshold: 35.12 MB
CDS: off
MetaspaceReclaimPolicy: balanced
 - commit_granule_bytes: 65536.
 - commit_granule_words: 8192.
 - virtual_space_node_default_size: 1048576.
 - enlarge_chunks_in_place: 1.
 - new_chunks_are_fully_committed: 0.
 - uncommit_free_chunks: 1.
 - use_allocation_guard: 0.
 - handle_deallocations: 1.


Internal statistics:

num_allocs_failed_limit: 5.
num_arena_births: 278.
num_arena_deaths: 0.
num_vsnodes_births: 5.
num_vsnodes_deaths: 0.
num_space_committed: 530.
num_space_uncommitted: 0.
num_chunks_returned_to_freelist: 5.
num_chunks_taken_from_freelist: 1146.
num_chunk_merges: 5.
num_chunk_splits: 757.
num_chunks_enlarged: 582.
num_purges: 0.
num_inconsistent_stats: 0.

CodeHeap 'non-profiled nmethods': size=120064Kb used=1577Kb max_used=1577Kb free=118486Kb
 bounds [0x0000025d97900000, 0x0000025d97b70000, 0x0000025d9ee40000]
CodeHeap 'profiled nmethods': size=120000Kb used=6987Kb max_used=6987Kb free=113012Kb
 bounds [0x0000025d903d0000, 0x0000025d90ab0000, 0x0000025d97900000]
CodeHeap 'non-nmethods': size=5696Kb used=1183Kb max_used=1232Kb free=4512Kb
 bounds [0x0000025d8fe40000, 0x0000025d900b0000, 0x0000025d903d0000]
 total_blobs=3683 nmethods=3203 adapters=392
 compilation: enabled
              stopped_count=0, restarted_count=0
 full_count=0

Compilation events (20 events):
Event: 36.894 Thread 0x0000025da3c08810 3203       3       java.nio.CharBuffer::hasArray (20 bytes)
Event: 36.895 Thread 0x0000025da3c08810 nmethod 3203 0x0000025d90a9e410 code [0x0000025d90a9e5a0, 0x0000025d90a9e758]
Event: 36.895 Thread 0x0000025da3c08810 3204       3       java.nio.CharBuffer::array (35 bytes)
Event: 36.895 Thread 0x0000025da3c08810 nmethod 3204 0x0000025d90a9e810 code [0x0000025d90a9e9e0, 0x0000025d90a9ecb8]
Event: 36.920 Thread 0x0000025da3c08810 3205       1       java.util.logging.Level::intValue (5 bytes)
Event: 36.920 Thread 0x0000025da3c08810 nmethod 3205 0x0000025d97a8a390 code [0x0000025d97a8a520, 0x0000025d97a8a5f8]
Event: 36.930 Thread 0x0000025da3c08810 3206       3       java.util.Locale::hashCode (41 bytes)
Event: 36.931 Thread 0x0000025da3c08810 nmethod 3206 0x0000025d90a9ee10 code [0x0000025d90a9efc0, 0x0000025d90a9f1d8]
Event: 36.942 Thread 0x0000025da3c08810 3207   !   3       java.util.logging.LogManager::ensureLogManagerInitialized (144 bytes)
Event: 36.944 Thread 0x0000025da3c08810 nmethod 3207 0x0000025d90a9f310 code [0x0000025d90a9f600, 0x0000025d90aa07d8]
Event: 36.947 Thread 0x0000025da3c08810 3208       3       java.nio.ByteBuffer::flip (7 bytes)
Event: 36.948 Thread 0x0000025da3c08810 nmethod 3208 0x0000025d90aa0d90 code [0x0000025d90aa0f20, 0x0000025d90aa1098]
Event: 36.949 Thread 0x0000025da3c08810 3209       3       java.util.BitSet::expandTo (23 bytes)
Event: 36.950 Thread 0x0000025da3c08810 nmethod 3209 0x0000025d90aa1190 code [0x0000025d90aa1340, 0x0000025d90aa14e8]
Event: 36.950 Thread 0x0000025da3c08810 3210       3       java.util.BitSet::set (58 bytes)
Event: 36.952 Thread 0x0000025da3c08810 nmethod 3210 0x0000025d90aa1590 code [0x0000025d90aa1800, 0x0000025d90aa2058]
Event: 36.979 Thread 0x0000025da3c08810 3211   !   3       java.util.zip.Inflater::needsDictionary (19 bytes)
Event: 36.980 Thread 0x0000025da3c08810 nmethod 3211 0x0000025d90aa2410 code [0x0000025d90aa25a0, 0x0000025d90aa2798]
Event: 36.985 Thread 0x0000025da3c08810 3212   !   3       java.util.zip.Inflater::finished (19 bytes)
Event: 36.985 Thread 0x0000025da3c08810 nmethod 3212 0x0000025d90aa2890 code [0x0000025d90aa2a20, 0x0000025d90aa2c18]

GC Heap History (20 events):
Event: 10.442 GC heap after
{Heap after GC invocations=4 (full 0):
 garbage-first heap   total 63488K, used 7440K [0x00000000c2c00000, 0x0000000100000000)
  region size 1024K, 2 young (2048K), 2 survivors (2048K)
 Metaspace       used 15738K, committed 15872K, reserved 1064960K
  class space    used 1597K, committed 1664K, reserved 1048576K
}
Event: 12.825 GC heap before
{Heap before GC invocations=4 (full 0):
 garbage-first heap   total 63488K, used 26896K [0x00000000c2c00000, 0x0000000100000000)
  region size 1024K, 22 young (22528K), 2 survivors (2048K)
 Metaspace       used 21336K, committed 21504K, reserved 1073152K
  class space    used 2271K, committed 2368K, reserved 1048576K
}
Event: 12.845 GC heap after
{Heap after GC invocations=5 (full 0):
 garbage-first heap   total 63488K, used 8637K [0x00000000c2c00000, 0x0000000100000000)
  region size 1024K, 4 young (4096K), 4 survivors (4096K)
 Metaspace       used 21336K, committed 21504K, reserved 1073152K
  class space    used 2271K, committed 2368K, reserved 1048576K
}
Event: 14.903 GC heap before
{Heap before GC invocations=6 (full 0):
 garbage-first heap   total 37888K, used 26045K [0x00000000c2c00000, 0x0000000100000000)
  region size 1024K, 22 young (22528K), 4 survivors (4096K)
 Metaspace       used 23522K, committed 23744K, reserved 1073152K
  class space    used 2581K, committed 2688K, reserved 1048576K
}
Event: 14.941 GC heap after
{Heap after GC invocations=7 (full 0):
 garbage-first heap   total 37888K, used 8906K [0x00000000c2c00000, 0x0000000100000000)
  region size 1024K, 2 young (2048K), 2 survivors (2048K)
 Metaspace       used 23522K, committed 23744K, reserved 1073152K
  class space    used 2581K, committed 2688K, reserved 1048576K
}
Event: 14.947 GC heap before
{Heap before GC invocations=7 (full 0):
 garbage-first heap   total 37888K, used 8906K [0x00000000c2c00000, 0x0000000100000000)
  region size 1024K, 3 young (3072K), 2 survivors (2048K)
 Metaspace       used 23524K, committed 23744K, reserved 1073152K
  class space    used 2582K, committed 2688K, reserved 1048576K
}
Event: 14.964 GC heap after
{Heap after GC invocations=8 (full 0):
 garbage-first heap   total 37888K, used 9099K [0x00000000c2c00000, 0x0000000100000000)
  region size 1024K, 1 young (1024K), 1 survivors (1024K)
 Metaspace       used 23524K, committed 23744K, reserved 1073152K
  class space    used 2582K, committed 2688K, reserved 1048576K
}
Event: 14.992 GC heap before
{Heap before GC invocations=8 (full 0):
 garbage-first heap   total 37888K, used 24459K [0x00000000c2c00000, 0x0000000100000000)
  region size 1024K, 17 young (17408K), 1 survivors (1024K)
 Metaspace       used 23528K, committed 23744K, reserved 1073152K
  class space    used 2583K, committed 2688K, reserved 1048576K
}
Event: 14.996 GC heap after
{Heap after GC invocations=9 (full 0):
 garbage-first heap   total 37888K, used 8985K [0x00000000c2c00000, 0x0000000100000000)
  region size 1024K, 1 young (1024K), 1 survivors (1024K)
 Metaspace       used 23528K, committed 23744K, reserved 1073152K
  class space    used 2583K, committed 2688K, reserved 1048576K
}
Event: 17.039 GC heap before
{Heap before GC invocations=9 (full 0):
 garbage-first heap   total 37888K, used 26393K [0x00000000c2c00000, 0x0000000100000000)
  region size 1024K, 19 young (19456K), 1 survivors (1024K)
 Metaspace       used 24621K, committed 24832K, reserved 1073152K
  class space    used 2699K, committed 2752K, reserved 1048576K
}
Event: 17.050 GC heap after
{Heap after GC invocations=10 (full 0):
 garbage-first heap   total 37888K, used 9695K [0x00000000c2c00000, 0x0000000100000000)
  region size 1024K, 1 young (1024K), 1 survivors (1024K)
 Metaspace       used 24621K, committed 24832K, reserved 1073152K
  class space    used 2699K, committed 2752K, reserved 1048576K
}
Event: 24.103 GC heap before
{Heap before GC invocations=10 (full 0):
 garbage-first heap   total 37888K, used 27103K [0x00000000c2c00000, 0x0000000100000000)
  region size 1024K, 19 young (19456K), 1 survivors (1024K)
 Metaspace       used 27050K, committed 27264K, reserved 1081344K
  class space    used 2997K, committed 3072K, reserved 1048576K
}
Event: 24.113 GC heap after
{Heap after GC invocations=11 (full 0):
 garbage-first heap   total 37888K, used 10929K [0x00000000c2c00000, 0x0000000100000000)
  region size 1024K, 2 young (2048K), 2 survivors (2048K)
 Metaspace       used 27050K, committed 27264K, reserved 1081344K
  class space    used 2997K, committed 3072K, reserved 1048576K
}
Event: 30.922 GC heap before
{Heap before GC invocations=11 (full 0):
 garbage-first heap   total 37888K, used 28337K [0x00000000c2c00000, 0x0000000100000000)
  region size 1024K, 19 young (19456K), 2 survivors (2048K)
 Metaspace       used 30574K, committed 30912K, reserved 1081344K
  class space    used 3502K, committed 3648K, reserved 1048576K
}
Event: 30.944 GC heap after
{Heap after GC invocations=12 (full 0):
 garbage-first heap   total 37888K, used 12782K [0x00000000c2c00000, 0x0000000100000000)
  region size 1024K, 3 young (3072K), 3 survivors (3072K)
 Metaspace       used 30574K, committed 30912K, reserved 1081344K
  class space    used 3502K, committed 3648K, reserved 1048576K
}
Event: 36.995 GC heap before
{Heap before GC invocations=12 (full 0):
 garbage-first heap   total 37888K, used 27118K [0x00000000c2c00000, 0x0000000100000000)
  region size 1024K, 18 young (18432K), 3 survivors (3072K)
 Metaspace       used 33696K, committed 33920K, reserved 1081344K
  class space    used 3866K, committed 3968K, reserved 1048576K
}
Event: 37.021 GC heap after
{Heap after GC invocations=13 (full 0):
 garbage-first heap   total 37888K, used 14320K [0x00000000c2c00000, 0x0000000100000000)
  region size 1024K, 2 young (2048K), 2 survivors (2048K)
 Metaspace       used 33696K, committed 33920K, reserved 1081344K
  class space    used 3866K, committed 3968K, reserved 1048576K
}
Event: 37.035 GC heap before
{Heap before GC invocations=13 (full 0):
 garbage-first heap   total 37888K, used 26608K [0x00000000c2c00000, 0x0000000100000000)
  region size 1024K, 15 young (15360K), 2 survivors (2048K)
 Metaspace       used 33696K, committed 33920K, reserved 1081344K
  class space    used 3866K, committed 3968K, reserved 1048576K
}
Event: 37.044 GC heap after
{Heap after GC invocations=14 (full 0):
 garbage-first heap   total 37888K, used 14384K [0x00000000c2c00000, 0x0000000100000000)
  region size 1024K, 1 young (1024K), 1 survivors (1024K)
 Metaspace       used 33696K, committed 33920K, reserved 1081344K
  class space    used 3866K, committed 3968K, reserved 1048576K
}
Event: 37.058 GC heap before
{Heap before GC invocations=14 (full 0):
 garbage-first heap   total 37888K, used 27696K [0x00000000c2c00000, 0x0000000100000000)
  region size 1024K, 15 young (15360K), 1 survivors (1024K)
 Metaspace       used 33696K, committed 33920K, reserved 1081344K
  class space    used 3866K, committed 3968K, reserved 1048576K
}

Deoptimization events (20 events):
Event: 36.947 Thread 0x0000025d88635e00 Uncommon trap: trap_request=0xfffffff4 fr.pc=0x0000025d979a8edc relative=0x0000000000001f9c
Event: 36.947 Thread 0x0000025d88635e00 Uncommon trap: reason=null_check action=make_not_entrant pc=0x0000025d979a8edc method=java.net.URL.getURLStreamHandler(Ljava/lang/String;)Ljava/net/URLStreamHandler; @ 7 c2
Event: 36.947 Thread 0x0000025d88635e00 DEOPT PACKING pc=0x0000025d979a8edc sp=0x000000d8e16fd050
Event: 36.947 Thread 0x0000025d88635e00 DEOPT UNPACKING pc=0x0000025d8fe9239d sp=0x000000d8e16fcf78 mode 2
Event: 36.959 Thread 0x0000025d88635e00 Uncommon trap: trap_request=0xffffffde fr.pc=0x0000025d97a1c690 relative=0x0000000000001130
Event: 36.959 Thread 0x0000025d88635e00 Uncommon trap: reason=class_check action=maybe_recompile pc=0x0000025d97a1c690 method=java.util.zip.InflaterInputStream.read([BII)I @ 100 c2
Event: 36.959 Thread 0x0000025d88635e00 DEOPT PACKING pc=0x0000025d97a1c690 sp=0x000000d8e16fd2a0
Event: 36.959 Thread 0x0000025d88635e00 DEOPT UNPACKING pc=0x0000025d8fe9239d sp=0x000000d8e16fd2f0 mode 2
Event: 36.959 Thread 0x0000025d88635e00 Uncommon trap: trap_request=0xffffffde fr.pc=0x0000025d97a1c690 relative=0x0000000000001130
Event: 36.959 Thread 0x0000025d88635e00 Uncommon trap: reason=class_check action=maybe_recompile pc=0x0000025d97a1c690 method=java.util.zip.InflaterInputStream.read([BII)I @ 100 c2
Event: 36.959 Thread 0x0000025d88635e00 DEOPT PACKING pc=0x0000025d97a1c690 sp=0x000000d8e16fd1e0
Event: 36.959 Thread 0x0000025d88635e00 DEOPT UNPACKING pc=0x0000025d8fe9239d sp=0x000000d8e16fd230 mode 2
Event: 36.967 Thread 0x0000025d88635e00 Uncommon trap: trap_request=0xffffffde fr.pc=0x0000025d97a1c690 relative=0x0000000000001130
Event: 36.967 Thread 0x0000025d88635e00 Uncommon trap: reason=class_check action=maybe_recompile pc=0x0000025d97a1c690 method=java.util.zip.InflaterInputStream.read([BII)I @ 100 c2
Event: 36.967 Thread 0x0000025d88635e00 DEOPT PACKING pc=0x0000025d97a1c690 sp=0x000000d8e16fd2a0
Event: 36.967 Thread 0x0000025d88635e00 DEOPT UNPACKING pc=0x0000025d8fe9239d sp=0x000000d8e16fd2f0 mode 2
Event: 36.967 Thread 0x0000025d88635e00 Uncommon trap: trap_request=0xffffffde fr.pc=0x0000025d97a1c690 relative=0x0000000000001130
Event: 36.967 Thread 0x0000025d88635e00 Uncommon trap: reason=class_check action=maybe_recompile pc=0x0000025d97a1c690 method=java.util.zip.InflaterInputStream.read([BII)I @ 100 c2
Event: 36.967 Thread 0x0000025d88635e00 DEOPT PACKING pc=0x0000025d97a1c690 sp=0x000000d8e16fd1e0
Event: 36.967 Thread 0x0000025d88635e00 DEOPT UNPACKING pc=0x0000025d8fe9239d sp=0x000000d8e16fd230 mode 2

Classes unloaded (0 events):
No events

Classes redefined (0 events):
No events

Internal exceptions (20 events):
Event: 29.097 Thread 0x0000025d88635e00 Exception <a 'java/lang/ClassNotFoundException'{0x00000000c462c680}: org/springframework/beans/factory/BeanClassLoaderAwareCustomizer> (0x00000000c462c680) 
thrown [t:\workspace\open\src\hotspot\share\classfile\systemDictionary.cpp, line 256]
Event: 29.101 Thread 0x0000025d88635e00 Exception <a 'java/lang/ClassNotFoundException'{0x00000000c46307e0}: org/springframework/beans/factory/AwareCustomizer> (0x00000000c46307e0) 
thrown [t:\workspace\open\src\hotspot\share\classfile\systemDictionary.cpp, line 256]
Event: 29.101 Thread 0x0000025d88635e00 Exception <a 'java/lang/ClassNotFoundException'{0x00000000c4633d30}: org/springframework/aop/framework/AopInfrastructureBeanCustomizer> (0x00000000c4633d30) 
thrown [t:\workspace\open\src\hotspot\share\classfile\systemDictionary.cpp, line 256]
Event: 29.252 Thread 0x0000025d88635e00 Exception <a 'java/lang/ClassNotFoundException'{0x00000000c4521710}: java/lang/ObjectCustomizer> (0x00000000c4521710) 
thrown [t:\workspace\open\src\hotspot\share\classfile\systemDictionary.cpp, line 256]
Event: 29.254 Thread 0x0000025d88635e00 Exception <a 'java/lang/ClassNotFoundException'{0x00000000c4528650}: org/springframework/transaction/annotation/AbstractTransactionManagementConfigurationCustomizer> (0x00000000c4528650) 
thrown [t:\workspace\open\src\hotspot\share\classfile\systemDictionary.cpp, line 256]
Event: 29.255 Thread 0x0000025d88635e00 Exception <a 'java/lang/ClassNotFoundException'{0x00000000c452e7d0}: org/springframework/transaction/annotation/ProxyTransactionManagementConfigurationCustomizer> (0x00000000c452e7d0) 
thrown [t:\workspace\open\src\hotspot\share\classfile\systemDictionary.cpp, line 256]
Event: 29.257 Thread 0x0000025d88635e00 Exception <a 'java/lang/ClassNotFoundException'{0x00000000c4535c60}: org/springframework/context/annotation/ImportAwareCustomizer> (0x00000000c4535c60) 
thrown [t:\workspace\open\src\hotspot\share\classfile\systemDictionary.cpp, line 256]
Event: 29.280 Thread 0x0000025d88635e00 Exception <a 'java/lang/ClassNotFoundException'{0x00000000c453a200}: org/springframework/beans/factory/AwareCustomizer> (0x00000000c453a200) 
thrown [t:\workspace\open\src\hotspot\share\classfile\systemDictionary.cpp, line 256]
Event: 29.524 Thread 0x0000025d88635e00 Exception <a 'java/lang/NoSuchMethodError'{0x00000000c44cf7b8}: 'java.lang.Object java.lang.invoke.DirectMethodHandle$Holder.invokeSpecialIFC(java.lang.Object, java.lang.Object, java.lang.Object)'> (0x00000000c44cf7b8) 
thrown [t:\workspace\open\src\hotspot\share\interpreter\linkResolver.cpp, line 766]
Event: 29.917 Thread 0x0000025d88635e00 Exception <a 'java/lang/NoSuchMethodError'{0x00000000c4207158}: 'int java.lang.invoke.DirectMethodHandle$Holder.invokeSpecial(java.lang.Object, java.lang.Object, java.lang.Object, java.lang.Object, java.lang.Object)'> (0x00000000c4207158) 
thrown [t:\workspace\open\src\hotspot\share\interpreter\linkResolver.cpp, line 766]
Event: 30.206 Thread 0x0000025d88635e00 Exception <a 'java/lang/NoSuchMethodError'{0x00000000c41ba380}: 'java.lang.Object java.lang.invoke.DirectMethodHandle$Holder.invokeStatic(java.lang.Object, java.lang.Object, int)'> (0x00000000c41ba380) 
thrown [t:\workspace\open\src\hotspot\share\interpreter\linkResolver.cpp, line 766]
Event: 30.214 Thread 0x0000025d88635e00 Exception <a 'java/lang/NoSuchMethodError'{0x00000000c41c5e18}: 'void java.lang.invoke.DelegatingMethodHandle$Holder.delegate(java.lang.Object, java.lang.Object, int, java.lang.Object)'> (0x00000000c41c5e18) 
thrown [t:\workspace\open\src\hotspot\share\interpreter\linkResolver.cpp, line 766]
Event: 30.870 Thread 0x0000025d88635e00 Exception <a 'java/lang/NoSuchMethodError'{0x00000000c40d0b70}: 'void java.lang.invoke.DirectMethodHandle$Holder.invokeInterface(java.lang.Object, java.lang.Object, int)'> (0x00000000c40d0b70) 
thrown [t:\workspace\open\src\hotspot\share\interpreter\linkResolver.cpp, line 766]
Event: 30.880 Thread 0x0000025d88635e00 Exception <a 'java/lang/NoSuchMethodError'{0x00000000c40ea920}: 'int java.lang.invoke.DirectMethodHandle$Holder.invokeVirtual(java.lang.Object, java.lang.Object)'> (0x00000000c40ea920) 
thrown [t:\workspace\open\src\hotspot\share\interpreter\linkResolver.cpp, line 766]
Event: 30.959 Thread 0x0000025d88635e00 Exception <a 'java/lang/IncompatibleClassChangeError'{0x00000000c6925018}: Found class java.lang.Object, but interface was expected> (0x00000000c6925018) 
thrown [t:\workspace\open\src\hotspot\share\interpreter\linkResolver.cpp, line 833]
Event: 30.961 Thread 0x0000025d88635e00 Exception <a 'java/lang/NoSuchMethodError'{0x00000000c692a1a0}: 'void java.lang.invoke.DirectMethodHandle$Holder.invokeStatic(java.lang.Object, int, java.lang.Object)'> (0x00000000c692a1a0) 
thrown [t:\workspace\open\src\hotspot\share\interpreter\linkResolver.cpp, line 766]
Event: 30.976 Thread 0x0000025d88635e00 Exception <a 'java/lang/NoSuchMethodError'{0x00000000c695a718}: 'int java.lang.invoke.DirectMethodHandle$Holder.invokeSpecial(java.lang.Object, java.lang.Object, int)'> (0x00000000c695a718) 
thrown [t:\workspace\open\src\hotspot\share\interpreter\linkResolver.cpp, line 766]
Event: 34.787 Thread 0x0000025d88635e00 Exception <a 'java/lang/NoSuchMethodError'{0x00000000c503ada0}: 'java.lang.Object java.lang.invoke.DirectMethodHandle$Holder.invokeStaticInit(java.lang.Object, int, int, int, int)'> (0x00000000c503ada0) 
thrown [t:\workspace\open\src\hotspot\share\interpreter\linkResolver.cpp, line 766]
Event: 35.678 Thread 0x0000025d88635e00 Exception <a 'java/lang/NoSuchMethodError'{0x00000000c5068a40}: 'java.lang.Object java.lang.invoke.DirectMethodHandle$Holder.invokeStaticInit(java.lang.Object, java.lang.Object, int, int, int, int)'> (0x00000000c5068a40) 
thrown [t:\workspace\open\src\hotspot\share\interpreter\linkResolver.cpp, line 766]
Event: 36.947 Thread 0x0000025d88635e00 Implicit null exception at 0x0000025d979a7a44 to 0x0000025d979a8ed0

VM Operations (20 events):
Event: 32.047 Executing VM operation: Cleanup done
Event: 32.796 Executing VM operation: HandshakeAllThreads
Event: 32.796 Executing VM operation: HandshakeAllThreads done
Event: 33.806 Executing VM operation: Cleanup
Event: 33.980 Executing VM operation: Cleanup done
Event: 33.986 Executing VM operation: HandshakeAllThreads
Event: 33.986 Executing VM operation: HandshakeAllThreads done
Event: 34.709 Executing VM operation: HandshakeAllThreads
Event: 34.709 Executing VM operation: HandshakeAllThreads done
Event: 35.714 Executing VM operation: Cleanup
Event: 35.714 Executing VM operation: Cleanup done
Event: 36.718 Executing VM operation: Cleanup
Event: 36.718 Executing VM operation: Cleanup done
Event: 36.903 Executing VM operation: HandshakeAllThreads
Event: 36.903 Executing VM operation: HandshakeAllThreads done
Event: 36.995 Executing VM operation: G1CollectForAllocation
Event: 37.021 Executing VM operation: G1CollectForAllocation done
Event: 37.035 Executing VM operation: G1CollectForAllocation
Event: 37.044 Executing VM operation: G1CollectForAllocation done
Event: 37.058 Executing VM operation: G1CollectForAllocation

Events (20 events):
Event: 36.814 loading class java/lang/ThreadLocal$SuppliedThreadLocal
Event: 36.814 loading class java/lang/ThreadLocal$SuppliedThreadLocal done
Event: 36.816 loading class java/util/logging/LogRecord
Event: 36.818 loading class java/util/logging/LogRecord done
Event: 36.926 loading class sun/util/resources/TimeZoneNames
Event: 36.929 loading class sun/util/resources/TimeZoneNames done
Event: 36.930 loading class sun/util/resources/TimeZoneNames_en
Event: 36.931 loading class sun/util/resources/TimeZoneNames_en done
Event: 36.956 loading class java/util/jar/JarInputStream
Event: 36.957 loading class java/util/zip/ZipInputStream
Event: 36.957 loading class java/util/zip/ZipInputStream done
Event: 36.957 loading class java/util/jar/JarInputStream done
Event: 36.958 loading class java/io/PushbackInputStream
Event: 36.958 loading class java/io/PushbackInputStream done
Event: 36.959 loading class java/util/jar/JarVerifier
Event: 36.962 loading class java/util/jar/JarVerifier done
Event: 36.962 loading class java/security/CodeSigner
Event: 36.962 loading class java/security/CodeSigner done
Event: 36.962 loading class sun/security/util/ManifestEntryVerifier
Event: 36.963 loading class sun/security/util/ManifestEntryVerifier done


Dynamic libraries:
0x00007ff74e510000 - 0x00007ff74e520000 	C:\Program Files\Java\jdk-17.0.1\bin\java.exe
0x00007fff071d0000 - 0x00007fff073c5000 	C:\windows\SYSTEM32\ntdll.dll
0x00007fff06c60000 - 0x00007fff06d1e000 	C:\windows\System32\KERNEL32.DLL
0x00007fff04990000 - 0x00007fff04c58000 	C:\windows\System32\KERNELBASE.dll
0x00007fff04d40000 - 0x00007fff04e40000 	C:\windows\System32\ucrtbase.dll
0x00007ffefbe10000 - 0x00007ffefbe2a000 	C:\Program Files\Java\jdk-17.0.1\bin\VCRUNTIME140.dll
0x00007ffefbf30000 - 0x00007ffefbf48000 	C:\Program Files\Java\jdk-17.0.1\bin\jli.dll
0x00007fff054c0000 - 0x00007fff0556e000 	C:\windows\System32\ADVAPI32.dll
0x00007fff05920000 - 0x00007fff059be000 	C:\windows\System32\msvcrt.dll
0x00007fff06990000 - 0x00007fff06a2c000 	C:\windows\System32\sechost.dll
0x00007fff05330000 - 0x00007fff05455000 	C:\windows\System32\RPCRT4.dll
0x00007fff067f0000 - 0x00007fff06990000 	C:\windows\System32\USER32.dll
0x00007fff04d10000 - 0x00007fff04d32000 	C:\windows\System32\win32u.dll
0x00007fff055a0000 - 0x00007fff055ca000 	C:\windows\System32\GDI32.dll
0x00007fff05120000 - 0x00007fff0522b000 	C:\windows\System32\gdi32full.dll
0x00007fff048f0000 - 0x00007fff0498d000 	C:\windows\System32\msvcp_win.dll
0x00007ffeed6a0000 - 0x00007ffeed93a000 	C:\windows\WinSxS\amd64_microsoft.windows.common-controls_6595b64144ccf1df_6.0.19041.1110_none_60b5254171f9507e\COMCTL32.dll
0x00007ffefb260000 - 0x00007ffefb26a000 	C:\windows\SYSTEM32\VERSION.dll
0x00007fff05570000 - 0x00007fff055a0000 	C:\windows\System32\IMM32.DLL
0x00007ffefd070000 - 0x00007ffefd07c000 	C:\Program Files\Java\jdk-17.0.1\bin\vcruntime140_1.dll
0x00007ffed7c10000 - 0x00007ffed7c9d000 	C:\Program Files\Java\jdk-17.0.1\bin\msvcp140.dll
0x00007ffeba270000 - 0x00007ffebae2e000 	C:\Program Files\Java\jdk-17.0.1\bin\server\jvm.dll
0x00007fff06b60000 - 0x00007fff06b68000 	C:\windows\System32\PSAPI.DLL
0x00007fff01270000 - 0x00007fff01279000 	C:\windows\SYSTEM32\WSOCK32.dll
0x00007fff058b0000 - 0x00007fff0591b000 	C:\windows\System32\WS2_32.dll
0x00007ffee9610000 - 0x00007ffee9637000 	C:\windows\SYSTEM32\WINMM.dll
0x00007fff031d0000 - 0x00007fff031e2000 	C:\windows\SYSTEM32\kernel.appcore.dll
0x00007ffefcd70000 - 0x00007ffefcd7a000 	C:\Program Files\Java\jdk-17.0.1\bin\jimage.dll
0x00007fff02ec0000 - 0x00007fff030a4000 	C:\windows\SYSTEM32\DBGHELP.DLL
0x00007ffeee230000 - 0x00007ffeee25c000 	C:\windows\SYSTEM32\dbgcore.DLL
0x00007fff04e40000 - 0x00007fff04ec2000 	C:\windows\System32\bcryptPrimitives.dll
0x00007ffefc3e0000 - 0x00007ffefc3ee000 	C:\Program Files\Java\jdk-17.0.1\bin\instrument.dll
0x00007ffee7cc0000 - 0x00007ffee7ce5000 	C:\Program Files\Java\jdk-17.0.1\bin\java.dll
0x00007ffed1720000 - 0x00007ffed17f6000 	C:\Program Files\Java\jdk-17.0.1\bin\svml.dll
0x00007fff05f20000 - 0x00007fff06664000 	C:\windows\System32\SHELL32.dll
0x00007fff02650000 - 0x00007fff02de4000 	C:\windows\SYSTEM32\windows.storage.dll
0x00007fff06d20000 - 0x00007fff07074000 	C:\windows\System32\combase.dll
0x00007fff04290000 - 0x00007fff042bc000 	C:\windows\SYSTEM32\Wldp.dll
0x00007fff06740000 - 0x00007fff067ed000 	C:\windows\System32\SHCORE.dll
0x00007fff05460000 - 0x00007fff054b5000 	C:\windows\System32\shlwapi.dll
0x00007fff04830000 - 0x00007fff0484f000 	C:\windows\SYSTEM32\profapi.dll
0x00007ffeec510000 - 0x00007ffeec528000 	C:\Program Files\Java\jdk-17.0.1\bin\zip.dll
0x00007ffef5670000 - 0x00007ffef5689000 	C:\Program Files\Java\jdk-17.0.1\bin\net.dll
0x00007ffeedae0000 - 0x00007ffeedbea000 	C:\windows\SYSTEM32\WINHTTP.dll
0x00007fff03ff0000 - 0x00007fff0405a000 	C:\windows\system32\mswsock.dll
0x00007ffeecbf0000 - 0x00007ffeecc05000 	C:\Program Files\Java\jdk-17.0.1\bin\nio.dll
0x00007ffefc3c0000 - 0x00007ffefc3da000 	C:\Program Files\JetBrains\IntelliJ IDEA Community Edition 2021.3\bin\breakgen64.dll
0x00007ffeffaa0000 - 0x00007ffeffab0000 	C:\Program Files\Java\jdk-17.0.1\bin\verify.dll
0x00007ffefd4b0000 - 0x00007ffefd4b9000 	C:\Program Files\Java\jdk-17.0.1\bin\management.dll
0x00007ffefc3b0000 - 0x00007ffefc3bb000 	C:\Program Files\Java\jdk-17.0.1\bin\management_ext.dll
0x00007ffeda510000 - 0x00007ffeda527000 	C:\windows\system32\napinsp.dll
0x00007ffeda4f0000 - 0x00007ffeda50b000 	C:\windows\system32\pnrpnsp.dll
0x00007ffefe3e0000 - 0x00007ffefe3f5000 	C:\windows\system32\wshbth.dll
0x00007ffeff420000 - 0x00007ffeff43d000 	C:\windows\system32\NLAapi.dll
0x00007fff03ce0000 - 0x00007fff03d1b000 	C:\windows\SYSTEM32\IPHLPAPI.DLL
0x00007fff03d20000 - 0x00007fff03deb000 	C:\windows\SYSTEM32\DNSAPI.dll
0x00007fff06a30000 - 0x00007fff06a38000 	C:\windows\System32\NSI.dll
0x00007ffeda4d0000 - 0x00007ffeda4e2000 	C:\windows\System32\winrnr.dll
0x00007ffee4b60000 - 0x00007ffee4b6a000 	C:\Windows\System32\rasadhlp.dll
0x00007ffee85a0000 - 0x00007ffee861f000 	C:\windows\System32\fwpuclnt.dll
0x00007fff04f90000 - 0x00007fff04fb7000 	C:\windows\System32\bcrypt.dll
0x00007fff041f0000 - 0x00007fff04208000 	C:\windows\SYSTEM32\CRYPTSP.dll
0x00007fff03970000 - 0x00007fff039a4000 	C:\windows\system32\rsaenh.dll
0x00007fff047b0000 - 0x00007fff047de000 	C:\windows\SYSTEM32\USERENV.dll
0x00007fff041e0000 - 0x00007fff041ec000 	C:\windows\SYSTEM32\CRYPTBASE.dll
0x00007ffef3c20000 - 0x00007ffef3c37000 	C:\windows\SYSTEM32\dhcpcsvc6.DLL
0x00007ffef52e0000 - 0x00007ffef52fd000 	C:\windows\SYSTEM32\dhcpcsvc.DLL

dbghelp: loaded successfully - version: 4.0.5 - missing functions: none
symbol engine: initialized successfully - sym options: 0x614 - pdb path: .;C:\Program Files\Java\jdk-17.0.1\bin;C:\windows\SYSTEM32;C:\windows\WinSxS\amd64_microsoft.windows.common-controls_6595b64144ccf1df_6.0.19041.1110_none_60b5254171f9507e;C:\Program Files\Java\jdk-17.0.1\bin\server;C:\Program Files\JetBrains\IntelliJ IDEA Community Edition 2021.3\bin

VM Arguments:
jvm_args: -javaagent:C:\Program Files\JetBrains\IntelliJ IDEA Community Edition 2021.3\lib\idea_rt.jar=60831:C:\Program Files\JetBrains\IntelliJ IDEA Community Edition 2021.3\bin -Dfile.encoding=UTF-8 
java_command: com.careerdevs.stocksapiv1.Stocksapiv1Application
java_class_path (initial): C:\Users\Empre\Downloads\stocksapiv1\stocksapiv1\target\classes;C:\Users\Empre\.m2\repository\org\springframework\boot\spring-boot-starter-data-jpa\2.6.7\spring-boot-starter-data-jpa-2.6.7.jar;C:\Users\Empre\.m2\repository\org\springframework\boot\spring-boot-starter-aop\2.6.7\spring-boot-starter-aop-2.6.7.jar;C:\Users\Empre\.m2\repository\org\springframework\spring-aop\5.3.19\spring-aop-5.3.19.jar;C:\Users\Empre\.m2\repository\org\aspectj\aspectjweaver\1.9.7\aspectjweaver-1.9.7.jar;C:\Users\Empre\.m2\repository\org\springframework\boot\spring-boot-starter-jdbc\2.6.7\spring-boot-starter-jdbc-2.6.7.jar;C:\Users\Empre\.m2\repository\com\zaxxer\HikariCP\4.0.3\HikariCP-4.0.3.jar;C:\Users\Empre\.m2\repository\org\springframework\spring-jdbc\5.3.19\spring-jdbc-5.3.19.jar;C:\Users\Empre\.m2\repository\jakarta\transaction\jakarta.transaction-api\1.3.3\jakarta.transaction-api-1.3.3.jar;C:\Users\Empre\.m2\repository\jakarta\persistence\jakarta.persistence-api\2.2.3\jakarta.persistence-api-2.2.3.jar;C:\Users\Empre\.m2\repository\org\hibernate\hibernate-core\5.6.8.Final\hibernate-core-5.6.8.Final.jar;C:\Users\Empre\.m2\repository\org\jboss\logging\jboss-logging\3.4.3.Final\jboss-logging-3.4.3.Final.jar;C:\Users\Empre\.m2\repository\net\bytebuddy\byte-buddy\1.11.22\byte-buddy-1.11.22.jar;C:\Users\Empre\.m2\repository\antlr\antlr\2.7.7\antlr-2.7.7.jar;C:\Users\Empre\.m2\repository\org\jboss\jandex\2.4.2.Final\jandex-2.4.2.Final.jar;C:\Users\Empre\.m2\repository\com\fasterxml\classmate\1.5.1\classmate-1.5.1.jar;C:\Users\Empre\.m2\repository\org\hibernate\common\hibernate-commons-annotations\5.1.2.Final\hibernate-commons-annotations-5.1.2.Final.jar;C:\Users\Empre\.m2\repository\org\glassfish\jaxb\jaxb-runtime\2.3.6\jaxb-runtime-2.3.6.jar;C:\Users\Empre\.m2\repository\org\glassfish\jaxb\txw2\2.3.6\txw2-2.3.6.jar;C:\Users\Empre\.m2\repository\com\sun\istack\istack-commons-runtime\3.0.12\istack-commons-runtime-3.0.12.jar;C:\Users\Empre\.m2\repository\com\s
Launcher Type: SUN_STANDARD

[Global flags]
     intx CICompilerCount                          = 2                                         {product} {ergonomic}
     uint ConcGCThreads                            = 1                                         {product} {ergonomic}
     uint G1ConcRefinementThreads                  = 2                                         {product} {ergonomic}
   size_t G1HeapRegionSize                         = 1048576                                   {product} {ergonomic}
    uintx GCDrainStackTargetSize                   = 64                                        {product} {ergonomic}
   size_t InitialHeapSize                          = 65011712                                  {product} {ergonomic}
   size_t MarkStackSize                            = 4194304                                   {product} {ergonomic}
   size_t MaxHeapSize                              = 1027604480                                {product} {ergonomic}
   size_t MaxNewSize                               = 616562688                                 {product} {ergonomic}
   size_t MinHeapDeltaBytes                        = 1048576                                   {product} {ergonomic}
   size_t MinHeapSize                              = 8388608                                   {product} {ergonomic}
    uintx NonNMethodCodeHeapSize                   = 5826188                                {pd product} {ergonomic}
    uintx NonProfiledCodeHeapSize                  = 122916026                              {pd product} {ergonomic}
    uintx ProfiledCodeHeapSize                     = 122916026                              {pd product} {ergonomic}
    uintx ReservedCodeCacheSize                    = 251658240                              {pd product} {ergonomic}
     bool SegmentedCodeCache                       = true                                      {product} {ergonomic}
   size_t SoftMaxHeapSize                          = 1027604480                             {manageable} {ergonomic}
     bool UseCompressedClassPointers               = true                           {product lp64_product} {ergonomic}
     bool UseCompressedOops                        = true                           {product lp64_product} {ergonomic}
     bool UseG1GC                                  = true                                      {product} {ergonomic}
     bool UseLargePagesIndividualAllocation        = false                                  {pd product} {ergonomic}

Logging:
Log output configuration:
 #0: stdout all=warning uptime,level,tags
 #1: stderr all=off uptime,level,tags

Environment Variables:
PATH=C:\Program Files\Common Files\Oracle\Java\javapath;C:\windows\system32;C:\windows;C:\windows\System32\Wbem;C:\windows\System32\WindowsPowerShell\v1.0\;C:\windows\System32\OpenSSH\;C:\Program Files\Microsoft VS Code\bin;C:\Program Files\nodejs\;C:\Program Files\Git\cmd;C:\Users\Empre\AppData\Local\Programs\Python\Python310\Scripts\;C:\Users\Empre\AppData\Local\Programs\Python\Python310\;C:\Program Files\MySQL\MySQL Shell 8.0\bin\;C:\Users\Empre\AppData\Local\Microsoft\WindowsApps;;C:\Users\Empre\AppData\Local\Programs\Microsoft VS Code\bin;C:\Users\Empre\AppData\Roaming\npm;C:\Program Files\JetBrains\IntelliJ IDEA Community Edition 2021.3\bin;;C:\Program Files\JetBrains\PyCharm Community Edition 2022.1\bin;
USERNAME=Empre
OS=Windows_NT
PROCESSOR_IDENTIFIER=Intel64 Family 6 Model 122 Stepping 8, GenuineIntel



---------------  S Y S T E M  ---------------

OS:
 Windows 10 , 64 bit Build 19041 (10.0.19041.1645)
OS uptime: 13 days 17:32 hours

CPU: total 2 (initial active 2) (2 cores per cpu, 1 threads per core) family 6 model 122 stepping 8 microcode 0x1c, cx8, cmov, fxsr, mmx, 3dnowpref, sse, sse2, sse3, ssse3, sse4.1, sse4.2, popcnt, tsc, tscinvbit, aes, erms, clmul, sha, clflush, clflushopt

Memory: 4k page, system-wide physical 3912M (321M free)
TotalPageFile size 11266M (AvailPageFile size 19M)
current process WorkingSet (physical memory assigned to process): 121M, peak: 139M
current process commit charge ("private bytes"): 177M, peak: 226M

vm_info: Java HotSpot(TM) 64-Bit Server VM (17.0.1+12-LTS-39) for windows-amd64 JRE (17.0.1+12-LTS-39), built on Sep 27 2021 18:41:35 by "mach5one" with MS VC++ 16.8 (VS2019)

END.
